<?xml version="1.0" encoding="UTF-8"?>
<testng-results ignored="0" total="1" passed="1" failed="0" skipped="0">
  <reporter-output>
  </reporter-output>
  <suite started-at="2024-07-15T07:01:00 IST" name="Default suite" finished-at="2024-07-15T07:01:09 IST" duration-ms="9419">
    <groups>
    </groups>
    <test started-at="2024-07-15T07:01:00 IST" name="Default test" finished-at="2024-07-15T07:01:09 IST" duration-ms="9419">
      <class name="com.sevenmartsupermarket.tests.SubCategoryTest">
        <test-method is-config="true" signature="launchBrowser()[pri:0, instance:com.sevenmartsupermarket.tests.SubCategoryTest@7817fd62]" started-at="2024-07-15T07:01:00 IST" name="launchBrowser" finished-at="2024-07-15T07:01:06 IST" duration-ms="6612" status="PASS">
          <reporter-output>
          </reporter-output>
        </test-method> <!-- launchBrowser -->
        <test-method signature="verifySuccessfulNewCategoryAddition()[pri:0, instance:com.sevenmartsupermarket.tests.SubCategoryTest@7817fd62]" started-at="2024-07-15T07:01:06 IST" name="verifySuccessfulNewCategoryAddition" finished-at="2024-07-15T07:01:09 IST" duration-ms="2681" status="PASS">
          <reporter-output>
          </reporter-output>
        </test-method> <!-- verifySuccessfulNewCategoryAddition -->
        <test-method is-config="true" signature="terminateBrowser(org.testng.ITestResult)[pri:0, instance:com.sevenmartsupermarket.tests.SubCategoryTest@7817fd62]" started-at="2024-07-15T07:01:09 IST" name="terminateBrowser" finished-at="2024-07-15T07:01:09 IST" duration-ms="3" status="PASS">
          <params>
            <param index="0">
              <value>
                <![CDATA[[TestResult name=verifySuccessfulNewCategoryAddition status=SUCCESS method=SubCategoryTest.verifySuccessfulNewCategoryAddition()[pri:0, instance:com.sevenmartsupermarket.tests.SubCategoryTest@7817fd62] output={null}]]]>
              </value>
            </param>
          </params>
          <reporter-output>
          </reporter-output>
        </test-method> <!-- terminateBrowser -->
      </class> <!-- com.sevenmartsupermarket.tests.SubCategoryTest -->
    </test> <!-- Default test -->
  </suite> <!-- Default suite -->
</testng-results>
