<?xml version="1.0" encoding="UTF-8"?>
<!-- Generated by org.testng.reporters.JUnitXMLReporter -->
<testsuite ignored="2" hostname="SPE" failures="0" tests="1" name="Default test" time="9.419" errors="0" timestamp="2024-07-15T07:01:09 IST">
  <testcase classname="com.sevenmartsupermarket.tests.SubCategoryTest" name="verifySuccessfulNewCategoryAddition" time="2.681"/>
  <testcase classname="com.sevenmartsupermarket.tests.SubCategoryTest" name="verifyUserIsAbleToSearchSubCategories" time="0.0">
    <ignored/>
  </testcase> <!-- verifyUserIsAbleToSearchSubCategories -->
  <testcase classname="com.sevenmartsupermarket.tests.SubCategoryTest" name="verifySubCategoryPageHeader" time="0.0">
    <ignored/>
  </testcase> <!-- verifySubCategoryPageHeader -->
</testsuite> <!-- Default test -->
